0, 0, 1; 0, 0, 1; 0, 1, 0; 0, 1, 0; 1, 0, 0; 1, 0, 0; 0, 0, 1; 0, 0, 1; 0, 1, 0; 0, 1, 0; 1, 0, 0; 1, 0, 0; 0, 0, 1; 0, 0, 1; 0, 1, 0; 0, 1, 0; 1, 0, 0; 1, 0, 0; 0, 0, 1; 0, 0, 1
0, 0, 1; 0, 0, 1; 0, 1, 0; 0, 1, 0; 1, 0, 0; 1, 0, 0; 0, 0, 1; 0, 0, 1; 0, 1, 0; 0, 1, 0; 1, 0, 0; 1, 0, 0; 0, 0, 1; 0, 0, 1; 0, 1, 0; 0, 1, 0; 1, 0, 0; 1, 0, 0; 0, 0, 1; 0, 0, 1
0, 0, 1; 0, 0, 1; 0, 1, 0; 0, 1, 0; 1, 0, 0; 1, 0, 0; 0, 0, 1; 0, 0, 1; 0, 1, 0; 0, 1, 0; 1, 0, 0; 1, 0, 0; 0, 0, 1; 0, 0, 1; 0, 1, 0; 0, 1, 0; 1, 0, 0; 1, 0, 0; 0, 0, 1; 0, 0, 1
0, 0, 1; 0, 0, 1; 0, 1, 0; 0, 1, 0; 1, 0, 0; 1, 0, 0; 0, 0, 1; 0, 0, 1; 0, 1, 0; 0, 1, 0; 1, 0, 0; 1, 0, 0; 0, 0, 1; 0, 0, 1; 0, 1, 0; 0, 1, 0; 1, 0, 0; 1, 0, 0; 0, 0, 1; 0, 0, 1
0, 0, 1; 0, 0, 1; 0, 1, 0; 0, 1, 0; 1, 0, 0; 1, 0, 0; 0, 0, 1; 0, 0, 1; 0, 1, 0; 0, 1, 0; 1, 0, 0; 1, 0, 0; 0, 0, 1; 0, 0, 1; 0, 1, 0; 0, 1, 0; 1, 0, 0; 1, 0, 0; 0, 0, 1; 0, 0, 1
0, 0, 1; 0, 0, 1; 0, 1, 0; 0, 1, 0; 1, 0, 0; 1, 0, 0; 0, 0, 1; 0, 0, 1; 0, 1, 0; 0, 1, 0; 1, 0, 0; 1, 0, 0; 0, 0, 1; 0, 0, 1; 0, 1, 0; 0, 1, 0; 1, 0, 0; 1, 0, 0; 0, 0, 1; 0, 0, 1
0, 0, 1; 0, 0, 1; 0, 1, 0; 0, 1, 0; 1, 0, 0; 1, 0, 0; 0, 0, 1; 0, 0, 1; 0, 1, 0; 0, 1, 0; 1, 0, 0; 1, 0, 0; 0, 0, 1; 0, 0, 1; 0, 1, 0; 0, 1, 0; 1, 0, 0; 1, 0, 0; 0, 0, 1; 0, 0, 1
0, 0, 1; 0, 0, 1; 0, 1, 0; 0, 1, 0; 1, 0, 0; 1, 0, 0; 0, 0, 1; 0, 0, 1; 0, 1, 0; 0, 1, 0; 1, 0, 0; 1, 0, 0; 0, 0, 1; 0, 0, 1; 0, 1, 0; 0, 1, 0; 1, 0, 0; 1, 0, 0; 0, 0, 1; 0, 0, 1
0, 0, 1; 0, 0, 1; 0, 1, 0; 0, 1, 0; 1, 0, 0; 1, 0, 0; 0, 0, 1; 0, 0, 1; 0, 1, 0; 0, 1, 0; 1, 0, 0; 1, 0, 0; 0, 0, 1; 0, 0, 1; 0, 1, 0; 0, 1, 0; 1, 0, 0; 1, 0, 0; 0, 0, 1; 0, 0, 1
---
0, 0, 1; 0, 0, 1; 0, 1, 0; 0, 1, 0; 1, 0, 0; 1, 0, 0; 0, 1, 0; 0, 1, 0; 1, 0, 0; 1, 0, 0; 0, 1, 0; 0, 1, 0; 1, 0, 0; 1, 0, 0; 0, 1, 0; 0, 1, 0; 1, 0, 0; 1, 0, 0; 0, 1, 0; 0, 1, 0
0, 0, 1; 0, 0, 1; 0, 1, 0; 0, 1, 0; 1, 0, 0; 1, 0, 0; 1, 0, 0; 1, 0, 0; 1, 0, 0; 1, 0, 0; 1, 0, 0; 1, 0, 0; 1, 0, 0; 1, 0, 0; 1, 0, 0; 1, 0, 0; 1, 0, 0; 1, 0, 0; 1, 0, 0; 1, 0, 0
0, 0, 1; 0, 0, 1; 0, 1, 0; 0, 1, 0; 0, 0, 1; 0, 0, 1; 0, 1, 0; 0, 1, 0; 0, 0, 1; 0, 0, 1; 0, 1, 0; 0, 1, 0; 0, 0, 1; 0, 0, 1; 0, 1, 0; 0, 1, 0; 0, 0, 1; 0, 0, 1; 0, 1, 0; 0, 1, 0
0, 0, 1; 0, 0, 1; 0, 1, 0; 0, 1, 0; 0, 1, 0; 0, 1, 0; 0, 1, 0; 0, 1, 0; 0, 1, 0; 0, 1, 0; 0, 1, 0; 0, 1, 0; 0, 1, 0; 0, 1, 0; 0, 1, 0; 0, 1, 0; 0, 1, 0; 0, 1, 0; 0, 1, 0; 0, 1, 0
0, 0, 1; 0, 0, 1; 0, 1, 0; 0, 1, 0; 1, 0, 0; 1, 0, 0; 1, 0, 0; 1, 0, 0; 1, 0, 0; 1, 0, 0; 1, 0, 0; 1, 0, 0; 1, 0, 0; 1, 0, 0; 1, 0, 0; 1, 0, 0; 1, 0, 0; 1, 0, 0; 1, 0, 0; 1, 0, 0
0, 0, 1; 0, 0, 1; 1, 0, 0; 1, 0, 0; 0, 0, 1; 0, 0, 1; 1, 0, 0; 1, 0, 0; 0, 0, 1; 0, 0, 1; 1, 0, 0; 1, 0, 0; 0, 0, 1; 0, 0, 1; 1, 0, 0; 1, 0, 0; 0, 0, 1; 0, 0, 1; 1, 0, 0; 1, 0, 0
0, 0, 1; 0, 0, 1; 0, 1, 0; 0, 1, 0; 0, 1, 0; 0, 1, 0; 0, 1, 0; 0, 1, 0; 0, 1, 0; 0, 1, 0; 0, 1, 0; 0, 1, 0; 0, 1, 0; 0, 1, 0; 0, 1, 0; 0, 1, 0; 0, 1, 0; 0, 1, 0; 0, 1, 0; 0, 1, 0
0, 0, 1; 0, 0, 1; 0, 0, 1; 0, 0, 1; 0, 0, 1; 0, 0, 1; 0, 0, 1; 0, 0, 1; 0, 0, 1; 0, 0, 1; 0, 0, 1; 0, 0, 1; 0, 0, 1; 0, 0, 1; 0, 0, 1; 0, 0, 1; 0, 0, 1; 0, 0, 1; 0, 0, 1; 0, 0, 1
0, 0, 1; 0, 0, 1; 0, 0, 1; 0, 0, 1; 0, 0, 1; 0, 0, 1; 0, 0, 1; 0, 0, 1; 0, 0, 1; 0, 0, 1; 0, 0, 1; 0, 0, 1; 0, 0, 1; 0, 0, 1; 0, 0, 1; 0, 0, 1; 0, 0, 1; 0, 0, 1; 0, 0, 1; 0, 0, 1
---
F,G,X,!,&,|
---
state_equals_yellow, state_equals_green, state_equals_red
